d:\duoyi\webrtcaudioalltest\build\debug\obj\common_audio\randomization_functions.obj
d:\duoyi\webrtcaudioalltest\build\debug\obj\common_audio\resample_by_2_internal.obj
d:\duoyi\webrtcaudioalltest\build\debug\obj\common_audio\downsample_fast.obj
d:\duoyi\webrtcaudioalltest\build\debug\obj\common_audio\refl_coef_to_lpc.obj
d:\duoyi\webrtcaudioalltest\build\debug\obj\common_audio\cross_correlation.obj
d:\duoyi\webrtcaudioalltest\build\debug\obj\common_audio\complex_bit_reverse.obj
d:\duoyi\webrtcaudioalltest\build\debug\obj\common_audio\vad_core.obj
d:\duoyi\webrtcaudioalltest\build\debug\obj\common_audio\spl_sqrt_floor.obj
d:\duoyi\webrtcaudioalltest\build\debug\obj\common_audio\get_scaling_square.obj
d:\duoyi\webrtcaudioalltest\build\debug\obj\common_audio\resample_fractional.obj
d:\duoyi\webrtcaudioalltest\build\debug\obj\common_audio\dot_product_with_scale.obj
d:\duoyi\webrtcaudioalltest\build\debug\obj\common_audio\complex_fft.obj
d:\duoyi\webrtcaudioalltest\build\debug\obj\common_audio\resample_48khz.obj
d:\duoyi\webrtcaudioalltest\build\debug\obj\common_audio\vad_filterbank.obj
d:\duoyi\webrtcaudioalltest\build\debug\obj\common_audio\vad_sp.obj
d:\duoyi\webrtcaudioalltest\build\debug\obj\common_audio\copy_set_operations.obj
d:\duoyi\webrtcaudioalltest\build\debug\obj\common_audio\vector_scaling_operations.obj
d:\duoyi\webrtcaudioalltest\build\debug\obj\common_audio\resample.obj
d:\duoyi\webrtcaudioalltest\build\debug\obj\common_audio\spl_sqrt.obj
d:\duoyi\webrtcaudioalltest\build\debug\obj\common_audio\splitting_filter.obj
d:\duoyi\webrtcaudioalltest\build\debug\obj\common_audio\vad_gmm.obj
d:\duoyi\webrtcaudioalltest\build\debug\obj\common_audio\webrtc_vad.obj
d:\duoyi\webrtcaudioalltest\build\debug\obj\common_audio\division_operations.obj
d:\duoyi\webrtcaudioalltest\build\debug\obj\common_audio\energy.obj
d:\duoyi\webrtcaudioalltest\build\debug\obj\common_audio\real_fft.obj
d:\duoyi\webrtcaudioalltest\build\debug\obj\common_audio\resample_by_2.obj
d:\duoyi\webrtcaudioalltest\build\debug\obj\common_audio\spl_init.obj
d:\duoyi\webrtcaudioalltest\build\debug\obj\common_audio\common_audio.pdb
d:\duoyi\webrtcaudioalltest\build\debug\lib\common_audio.lib
d:\duoyi\webrtcaudioalltest\build\debug\obj\common_audio\common_audio.tlog\cl.command.1.tlog
d:\duoyi\webrtcaudioalltest\build\debug\obj\common_audio\common_audio.tlog\cl.read.1.tlog
d:\duoyi\webrtcaudioalltest\build\debug\obj\common_audio\common_audio.tlog\cl.write.1.tlog
d:\duoyi\webrtcaudioalltest\build\debug\obj\common_audio\common_audio.tlog\lib-link.read.1.tlog
d:\duoyi\webrtcaudioalltest\build\debug\obj\common_audio\common_audio.tlog\lib-link.write.1.tlog
d:\duoyi\webrtcaudioalltest\build\debug\obj\common_audio\common_audio.tlog\lib.command.1.tlog
