  randomization_functions.c
  vad_filterbank.c
  vad_gmm.c
  vad_core.c
  vad_sp.c
  webrtc_vad.c
  spl_sqrt_floor.c
  resample_by_2_internal.c
  copy_set_operations.c
  division_operations.c
  get_scaling_square.c
  downsample_fast.c
  resample_fractional.c
  vector_scaling_operations.c
  energy.c
  refl_coef_to_lpc.c
  dot_product_with_scale.c
  real_fft.c
  resample.c
  cross_correlation.c
  complex_fft.c
  spl_sqrt.c
  resample_by_2.c
  complex_bit_reverse.c
  resample_48khz.c
  splitting_filter.c
  spl_init.c
  common_audio.vcxproj -> ..\..\build\Debug\lib\common_audio.lib
