d:\duoyi\webrtcaudioalltest\build\debug\obj\audio_processing\aec_core_sse2.obj
d:\duoyi\webrtcaudioalltest\build\debug\obj\audio_processing\aec_rdft.obj
d:\duoyi\webrtcaudioalltest\build\debug\obj\audio_processing\aecm_core_c.obj
d:\duoyi\webrtcaudioalltest\build\debug\obj\audio_processing\delay_estimator_wrapper.obj
d:\duoyi\webrtcaudioalltest\build\debug\obj\audio_processing\ns_core.obj
d:\duoyi\webrtcaudioalltest\build\debug\obj\audio_processing\aec_core.obj
d:\duoyi\webrtcaudioalltest\build\debug\obj\audio_processing\echo_control_mobile.obj
d:\duoyi\webrtcaudioalltest\build\debug\obj\audio_processing\noise_suppression.obj
d:\duoyi\webrtcaudioalltest\build\debug\obj\audio_processing\analog_agc.obj
d:\duoyi\webrtcaudioalltest\build\debug\obj\audio_processing\echo_cancellation.obj
d:\duoyi\webrtcaudioalltest\build\debug\obj\audio_processing\ring_buffer.obj
d:\duoyi\webrtcaudioalltest\build\debug\obj\audio_processing\delay_estimator.obj
d:\duoyi\webrtcaudioalltest\build\debug\obj\audio_processing\aec_rdft_sse2.obj
d:\duoyi\webrtcaudioalltest\build\debug\obj\audio_processing\digital_agc.obj
d:\duoyi\webrtcaudioalltest\build\debug\obj\audio_processing\aec_resampler.obj
d:\duoyi\webrtcaudioalltest\build\debug\obj\audio_processing\aecm_core.obj
d:\duoyi\webrtcaudioalltest\build\debug\obj\audio_processing\fft4g.obj
d:\duoyi\webrtcaudioalltest\build\debug\obj\audio_processing\audio_processing.pdb
d:\duoyi\webrtcaudioalltest\build\debug\lib\audio_processing.lib
d:\duoyi\webrtcaudioalltest\build\debug\obj\audio_processing\audio_processing.tlog\cl.command.1.tlog
d:\duoyi\webrtcaudioalltest\build\debug\obj\audio_processing\audio_processing.tlog\cl.read.1.tlog
d:\duoyi\webrtcaudioalltest\build\debug\obj\audio_processing\audio_processing.tlog\cl.write.1.tlog
d:\duoyi\webrtcaudioalltest\build\debug\obj\audio_processing\audio_processing.tlog\lib-link.read.1.tlog
d:\duoyi\webrtcaudioalltest\build\debug\obj\audio_processing\audio_processing.tlog\lib-link.write.1.tlog
d:\duoyi\webrtcaudioalltest\build\debug\obj\audio_processing\audio_processing.tlog\lib.command.1.tlog
